Attention: Next.js now collects completely anonymous telemetry regarding usage.
This information is used to shape Next.js' roadmap and prioritize features.
You can learn more, including how to opt-out if you'd not like to participate in this anonymous program, by visiting the following URL:
https://nextjs.org/telemetry

  ▲ Next.js 14.2.28
  - Experiments (use with caution):
    · outputFileTracingRoot

   Creating an optimized production build ...
 ✓ Compiled successfully
   Skipping linting
   Checking validity of types ...
   Collecting page data ...
   Generating static pages (0/12) ...
   Generating static pages (3/12) 
   Generating static pages (6/12) 
   Generating static pages (9/12) 
 ✓ Generating static pages (12/12)
   Finalizing page optimization ...
   Collecting build traces ...

Route (app)                              Size     First Load JS
┌ ƒ /                                    138 B          87.3 kB
├ ○ /_not-found                          873 B          88.1 kB
├ ƒ /api/assets                          0 B                0 B
├ ƒ /api/auth/[...nextauth]              0 B                0 B
├ ƒ /api/chat                            0 B                0 B
├ ƒ /api/generate/image                  0 B                0 B
├ ƒ /api/generate/status/[taskId]        0 B                0 B
├ ƒ /api/generate/video                  0 B                0 B
├ ƒ /api/projects                        0 B                0 B
├ ƒ /api/projects/[projectId]            0 B                0 B
├ ƒ /api/scenes                          0 B                0 B
├ ƒ /api/scenes/[sceneId]                0 B                0 B
├ ƒ /api/shots                           0 B                0 B
├ ƒ /api/shots/[shotId]                  0 B                0 B
├ ƒ /api/signup                          0 B                0 B
├ ƒ /api/upload/document                 0 B                0 B
├ ƒ /api/upload/presigned                0 B                0 B
├ ○ /auth/signin                         1.4 kB          139 kB
├ ○ /auth/signup                         1.63 kB         140 kB
├ ƒ /dashboard                           2.33 kB         140 kB
└ ƒ /project/[projectId]                 4.88 kB         133 kB
+ First Load JS shared by all            87.2 kB
  ├ chunks/117-e9feb7f22d29abdf.js       31.6 kB
  ├ chunks/fd9d1056-f5508fcd8dd1ab4e.js  53.6 kB
  └ other shared chunks (total)          1.95 kB


○  (Static)   prerendered as static content
ƒ  (Dynamic)  server-rendered on demand

Successfully built app artifact
