  ▲ Next.js 14.2.28
  - Local:        http://localhost:3000
  - Environments: .env
  - Experiments (use with caution):
    · outputFileTracingRoot

 ✓ Starting...
Attention: Next.js now collects completely anonymous telemetry regarding usage.
This information is used to shape Next.js' roadmap and prioritize features.
You can learn more, including how to opt-out if you'd not like to participate in this anonymous program, by visiting the following URL:
https://nextjs.org/telemetry

 ✓ Ready in 936ms
 ○ Compiling / ...
 ✓ Compiled / in 2.1s (794 modules)
 GET / 200 in 2202ms
 ✓ Compiled in 197ms (280 modules)
 ✓ Compiled in 175ms (775 modules)
 ✓ Compiled /api/auth/[...nextauth] in 61ms (511 modules)
 GET /api/auth/providers 200 in 318ms
 GET / 200 in 41ms
 ○ Compiling /auth/signin ...
 ✓ Compiled /auth/signin in 924ms (1425 modules)
 GET /api/auth/session 200 in 967ms
 GET /api/auth/session 200 in 5ms
 ✓ Compiled /auth/signup in 147ms (1431 modules)
 GET /auth/signup 200 in 199ms
 GET /api/auth/session 200 in 17ms
 GET /api/auth/session 200 in 5ms
 GET /auth/signin 200 in 22ms
 GET /api/auth/session 200 in 15ms
 GET /api/auth/session 200 in 5ms
 GET /api/auth/csrf 200 in 15ms
 ✓ Compiled /api/signup in 258ms (865 modules)
 POST /api/signup 201 in 616ms
 GET / 200 in 41ms
 GET /api/auth/signin 302 in 17ms
 GET /auth/signin?callbackUrl=https://58ecac73d.na101.preview.abacusai.app 200 in 18ms
 GET /api/auth/csrf 200 in 4ms
 POST /api/auth/callback/credentials 302 in 271ms
 ✓ Compiled /dashboard in 196ms (1476 modules)
 GET /dashboard 200 in 229ms
 GET / 200 in 18ms
 GET /dashboard 200 in 22ms
 GET /api/auth/session 200 in 25ms
 ✓ Compiled /api/projects in 91ms (878 modules)
 GET /api/auth/session 200 in 159ms
 GET /dashboard?_rsc=3y0gy 200 in 182ms
 GET /api/projects 200 in 195ms
 GET /api/projects 200 in 45ms
 GET /api/auth/session 200 in 45ms
 GET /api/auth/session 200 in 5ms
 GET /api/auth/session 200 in 5ms
 GET /api/projects 200 in 9ms
 GET /api/projects 200 in 6ms
 ✓ Compiled /project/[projectId] in 255ms (1517 modules)
 GET /project/sample-project-1 200 in 509ms
 ✓ Compiled /api/projects/[projectId] in 109ms (901 modules)
 GET /api/auth/session 200 in 215ms
 GET /api/auth/session 200 in 6ms
 GET /api/projects/sample-project-1 200 in 446ms
 GET /api/projects/sample-project-1 200 in 18ms
 ○ Compiling /api/assets ...
 ✓ Compiled /api/assets in 769ms (1308 modules)
 GET /api/assets?projectId=sample-project-1 200 in 855ms
 GET /api/assets?projectId=sample-project-1 200 in 8ms
[?25h
