  ▲ Next.js 14.2.28
  - Environments: .env
  - Experiments (use with caution):
    · outputFileTracingRoot

   Creating an optimized production build ...
 ✓ Compiled successfully
   Skipping linting
   Checking validity of types ...
   Collecting page data ...
   Generating static pages (0/12) ...
   Generating static pages (3/12) 
   Generating static pages (6/12) 
   Generating static pages (9/12) 
 ✓ Generating static pages (12/12)
   Finalizing page optimization ...
   Collecting build traces ...

Route (app)                              Size     First Load JS
┌ ƒ /                                    138 B          87.4 kB
├ ○ /_not-found                          872 B          88.1 kB
├ ƒ /api/assets                          0 B                0 B
├ ƒ /api/auth/[...nextauth]              0 B                0 B
├ ƒ /api/chat                            0 B                0 B
├ ƒ /api/generate/image                  0 B                0 B
├ ƒ /api/generate/status/[taskId]        0 B                0 B
├ ƒ /api/generate/video                  0 B                0 B
├ ƒ /api/projects                        0 B                0 B
├ ƒ /api/projects/[projectId]            0 B                0 B
├ ƒ /api/scenes                          0 B                0 B
├ ƒ /api/scenes/[sceneId]                0 B                0 B
├ ƒ /api/shots                           0 B                0 B
├ ƒ /api/shots/[shotId]                  0 B                0 B
├ ƒ /api/signup                          0 B                0 B
├ ƒ /api/upload/document                 0 B                0 B
├ ƒ /api/upload/presigned                0 B                0 B
├ ○ /auth/signin                         1.4 kB          139 kB
├ ○ /auth/signup                         1.63 kB         140 kB
├ ƒ /dashboard                           2.33 kB         140 kB
└ ƒ /project/[projectId]                 4.88 kB         133 kB
+ First Load JS shared by all            87.2 kB
  ├ chunks/156-7fd48ce68529242c.js       31.7 kB
  ├ chunks/ceb5afef-de6a1323141f5c0d.js  53.6 kB
  └ other shared chunks (total)          1.95 kB


○  (Static)   prerendered as static content
ƒ  (Dynamic)  server-rendered on demand

exit_code=0
